[2018-06-26 08:53:44 +0800] [64029] [INFO] Starting gunicorn 19.7.1
[2018-06-26 08:53:44 +0800] [64029] [INFO] Listening at: http://0.0.0.0:8888 (64029)
[2018-06-26 08:53:44 +0800] [64029] [INFO] Using worker: sync
[2018-06-26 08:53:44 +0800] [64033] [INFO] Booting worker with pid: 64033
[2018-06-26 08:53:44 +0800] [64034] [INFO] Booting worker with pid: 64034
[2018-06-26 08:53:44 +0800] [64035] [INFO] Booting worker with pid: 64035
[2018-06-26 08:53:44 +0800] [64036] [INFO] Booting worker with pid: 64036
[2018-06-26 08:53:44 +0800] [64033] [INFO] Worker exiting (pid: 64033)
[2018-06-26 08:53:44 +0800] [64034] [INFO] Worker exiting (pid: 64034)
[2018-06-26 08:53:44 +0800] [64035] [INFO] Worker exiting (pid: 64035)
[2018-06-26 08:53:44 +0800] [64036] [INFO] Worker exiting (pid: 64036)
[2018-06-26 09:11:31 +0800] [65234] [INFO] Starting gunicorn 19.7.1
[2018-06-26 09:11:31 +0800] [65234] [INFO] Listening at: http://0.0.0.0:8888 (65234)
[2018-06-26 09:11:31 +0800] [65234] [INFO] Using worker: sync
[2018-06-26 09:11:31 +0800] [65238] [INFO] Booting worker with pid: 65238
[2018-06-26 09:11:31 +0800] [65239] [INFO] Booting worker with pid: 65239
[2018-06-26 09:11:31 +0800] [65240] [INFO] Booting worker with pid: 65240
[2018-06-26 09:11:31 +0800] [65241] [INFO] Booting worker with pid: 65241
[2018-06-26 09:11:31 +0800] [65242] [INFO] Booting worker with pid: 65242
[2018-06-26 09:11:31 +0800] [65243] [INFO] Booting worker with pid: 65243
[2018-06-26 09:11:31 +0800] [65244] [INFO] Booting worker with pid: 65244
[2018-06-26 09:11:32 +0800] [65245] [INFO] Booting worker with pid: 65245
[2018-06-26 09:11:32 +0800] [65246] [INFO] Booting worker with pid: 65246
[2018-06-26 09:11:32 +0800] [65247] [INFO] Booting worker with pid: 65247
[2018-06-26 09:11:32 +0800] [65248] [INFO] Booting worker with pid: 65248
[2018-06-26 09:11:32 +0800] [65249] [INFO] Booting worker with pid: 65249
[2018-06-26 09:11:32 +0800] [65250] [INFO] Booting worker with pid: 65250
[2018-06-26 09:11:32 +0800] [65251] [INFO] Booting worker with pid: 65251
[2018-06-26 09:11:32 +0800] [65252] [INFO] Booting worker with pid: 65252
[2018-06-26 09:11:32 +0800] [65253] [INFO] Booting worker with pid: 65253
[2018-06-26 09:11:32 +0800] [65254] [INFO] Booting worker with pid: 65254
[2018-06-26 09:11:32 +0800] [65255] [INFO] Booting worker with pid: 65255
[2018-06-26 09:11:32 +0800] [65256] [INFO] Booting worker with pid: 65256
[2018-06-26 09:11:32 +0800] [65257] [INFO] Booting worker with pid: 65257
[2018-06-26 09:11:32 +0800] [65258] [INFO] Booting worker with pid: 65258
[2018-06-26 09:11:32 +0800] [65259] [INFO] Booting worker with pid: 65259
[2018-06-26 09:11:32 +0800] [65260] [INFO] Booting worker with pid: 65260
[2018-06-26 09:11:32 +0800] [65261] [INFO] Booting worker with pid: 65261
